<?xml version="1.0" encoding="UTF-8"?>
<!-- Generated by org.testng.reporters.JUnitReportReporter -->
<testsuite hostname="LAPTOP-8OG7RLSC" failures="0" tests="1" name="executetest.HomeTest" time="6.817" errors="0" timestamp="29 Sep 2023 01:42:30 GMT" skipped="0">
  <testcase classname="executetest.HomeTest" name="verifyLogoDisplayed" time="6.817"/>
</testsuite> <!-- executetest.HomeTest -->
