<?xml version="1.0" encoding="UTF-8"?>
<!-- Generated by org.testng.reporters.JUnitReportReporter -->
<testsuite hostname="LAPTOP-8OG7RLSC" failures="0" tests="1" name="executetest.InputFormTest" time="7.683" errors="0" timestamp="29 Sep 2023 02:25:26 GMT" skipped="0">
  <testcase classname="executetest.InputFormTest" name="verifyShowMessageDisplayed" time="7.683"/>
</testsuite> <!-- executetest.InputFormTest -->
